<?xml version="1.0" encoding="UTF-8"?>
<!-- Generated by org.testng.reporters.JUnitReportReporter -->
<testsuite hostname="LAPTOP-2KF1A8HA" failures="0" tests="1" name="executionScript.TC_1" time="5.758" errors="0" timestamp="2024-04-18T14:16:51 IST" skipped="0">
  <testcase classname="executionScript.TC_1" name="LaunchWebConfig" time="5.758"/>
  <system-out/>
</testsuite> <!-- executionScript.TC_1 -->
